<?xml version="1.0" encoding="UTF-8"?>
<!-- Generated by org.testng.reporters.JUnitReportReporter -->
<testsuite skipped="0" hostname="COMPUTER00" name="portaltestcases.homepagetest" tests="1" failures="0" timestamp="11 Aug 2018 04:17:12 GMT" time="22.438" errors="0">
  <testcase name="verifyhomepage" time="22.438" classname="portaltestcases.homepagetest"/>
</testsuite> <!-- portaltestcases.homepagetest -->
