<?xml version="1.0" encoding="UTF-8"?>
<!-- Generated by org.testng.reporters.JUnitReportReporter -->
<testsuite skipped="0" hostname="COMPUTER00" name="portaltestcases.homepagetest" tests="1" failures="0" timestamp="13 Aug 2018 09:22:25 GMT" time="51.848" errors="0">
  <testcase name="verifyhomepage" time="51.848" classname="portaltestcases.homepagetest"/>
</testsuite> <!-- portaltestcases.homepagetest -->
