<?xml version="1.0" encoding="UTF-8"?>
<!-- Generated by org.testng.reporters.JUnitReportReporter -->
<testsuite skipped="0" hostname="COMPUTER00" name="portaltestcases.loginpagetest" tests="1" failures="0" timestamp="11 Aug 2018 05:33:19 GMT" time="0.542" errors="0">
  <testcase name="user" time="0.542" classname="portaltestcases.loginpagetest"/>
</testsuite> <!-- portaltestcases.loginpagetest -->
